# Logfile created on 2014-02-09 15:50:55 -0800 by logger.rb/31641
I, [2014-02-09T15:50:55.072811 #73144]  INFO -- : 0:  rake (10.1.0) from /Users/dalelachtman/.rvm/gems/ruby-2.0.0-p353/specifications/rake-10.1.0.gemspec
I, [2014-02-09T15:50:55.073306 #73144]  INFO -- : 0:  i18n (0.6.1) from /Users/dalelachtman/.rvm/gems/ruby-2.0.0-p353/specifications/i18n-0.6.1.gemspec
I, [2014-02-09T15:50:55.073638 #73144]  INFO -- : 0:  multi_json (1.6.1) from /Users/dalelachtman/.rvm/gems/ruby-2.0.0-p353/specifications/multi_json-1.6.1.gemspec
I, [2014-02-09T15:50:55.073875 #73144]  INFO -- : 0:  activesupport (3.2.12) from /Users/dalelachtman/.rvm/gems/ruby-2.0.0-p353/specifications/activesupport-3.2.12.gemspec
I, [2014-02-09T15:50:55.074115 #73144]  INFO -- : 0:  builder (3.0.4) from /Users/dalelachtman/.rvm/gems/ruby-2.0.0-p353/specifications/builder-3.0.4.gemspec
I, [2014-02-09T15:50:55.074342 #73144]  INFO -- : 0:  activemodel (3.2.12) from /Users/dalelachtman/.rvm/gems/ruby-2.0.0-p353/specifications/activemodel-3.2.12.gemspec
I, [2014-02-09T15:50:55.074586 #73144]  INFO -- : 0:  arel (3.0.2) from /Users/dalelachtman/.rvm/gems/ruby-2.0.0-p353/specifications/arel-3.0.2.gemspec
I, [2014-02-09T15:50:55.074828 #73144]  INFO -- : 0:  tzinfo (0.3.35) from /Users/dalelachtman/.rvm/gems/ruby-2.0.0-p353/specifications/tzinfo-0.3.35.gemspec
I, [2014-02-09T15:50:55.075102 #73144]  INFO -- : 0:  activerecord (3.2.12) from /Users/dalelachtman/.rvm/gems/ruby-2.0.0-p353/specifications/activerecord-3.2.12.gemspec
I, [2014-02-09T15:50:55.075341 #73144]  INFO -- : 0:  backports (3.3.3) from /Users/dalelachtman/.rvm/gems/ruby-2.0.0-p353/specifications/backports-3.3.3.gemspec
I, [2014-02-09T15:50:55.075609 #73144]  INFO -- : 0:  daemons (1.1.9) from /Users/dalelachtman/.rvm/gems/ruby-2.0.0-p353/specifications/daemons-1.1.9.gemspec
I, [2014-02-09T15:50:55.075843 #73144]  INFO -- : 0:  diff-lcs (1.2.4) from /Users/dalelachtman/.rvm/gems/ruby-2.0.0-p353/specifications/diff-lcs-1.2.4.gemspec
I, [2014-02-09T15:50:55.076072 #73144]  INFO -- : 0:  eventmachine (1.0.3) from /Users/dalelachtman/.rvm/gems/ruby-2.0.0-p353/specifications/eventmachine-1.0.3.gemspec
I, [2014-02-09T15:50:55.076304 #73144]  INFO -- : 0:  factory_girl (4.2.0) from /Users/dalelachtman/.rvm/gems/ruby-2.0.0-p353/specifications/factory_girl-4.2.0.gemspec
I, [2014-02-09T15:50:55.076531 #73144]  INFO -- : 0:  faker (1.1.2) from /Users/dalelachtman/.rvm/gems/ruby-2.0.0-p353/specifications/faker-1.1.2.gemspec
I, [2014-02-09T15:50:55.076775 #73144]  INFO -- : 0:  pg (0.14.1) from /Users/dalelachtman/.rvm/gems/ruby-2.0.0-p353/specifications/pg-0.14.1.gemspec
I, [2014-02-09T15:50:55.077003 #73144]  INFO -- : 0:  rack (1.5.2) from /Users/dalelachtman/.rvm/gems/ruby-2.0.0-p353/specifications/rack-1.5.2.gemspec
I, [2014-02-09T15:50:55.077257 #73144]  INFO -- : 0:  rack-protection (1.5.0) from /Users/dalelachtman/.rvm/gems/ruby-2.0.0-p353/specifications/rack-protection-1.5.0.gemspec
I, [2014-02-09T15:50:55.077488 #73144]  INFO -- : 0:  rack-test (0.6.2) from /Users/dalelachtman/.rvm/gems/ruby-2.0.0-p353/specifications/rack-test-0.6.2.gemspec
I, [2014-02-09T15:50:55.077711 #73144]  INFO -- : 0:  rspec-core (2.14.5) from /Users/dalelachtman/.rvm/gems/ruby-2.0.0-p353/specifications/rspec-core-2.14.5.gemspec
I, [2014-02-09T15:50:55.078030 #73144]  INFO -- : 0:  rspec-expectations (2.14.2) from /Users/dalelachtman/.rvm/gems/ruby-2.0.0-p353/specifications/rspec-expectations-2.14.2.gemspec
I, [2014-02-09T15:50:55.078392 #73144]  INFO -- : 0:  rspec-mocks (2.14.3) from /Users/dalelachtman/.rvm/gems/ruby-2.0.0-p353/specifications/rspec-mocks-2.14.3.gemspec
I, [2014-02-09T15:50:55.078714 #73144]  INFO -- : 0:  rspec (2.14.1) from /Users/dalelachtman/.rvm/gems/ruby-2.0.0-p353/specifications/rspec-2.14.1.gemspec
I, [2014-02-09T15:50:55.079079 #73144]  INFO -- : 0:  shotgun (0.9) from /Users/dalelachtman/.rvm/gems/ruby-2.0.0-p353/specifications/shotgun-0.9.gemspec
I, [2014-02-09T15:50:55.079302 #73144]  INFO -- : 0:  shoulda-matchers (2.3.0) from /Users/dalelachtman/.rvm/gems/ruby-2.0.0-p353/specifications/shoulda-matchers-2.3.0.gemspec
I, [2014-02-09T15:50:55.079527 #73144]  INFO -- : 0:  tilt (1.4.1) from /Users/dalelachtman/.rvm/gems/ruby-2.0.0-p353/specifications/tilt-1.4.1.gemspec
I, [2014-02-09T15:50:55.079753 #73144]  INFO -- : 0:  sinatra (1.4.3) from /Users/dalelachtman/.rvm/gems/ruby-2.0.0-p353/specifications/sinatra-1.4.3.gemspec
I, [2014-02-09T15:50:55.079970 #73144]  INFO -- : 0:  sinatra-contrib (1.4.1) from /Users/dalelachtman/.rvm/gems/ruby-2.0.0-p353/specifications/sinatra-contrib-1.4.1.gemspec
I, [2014-02-09T15:50:55.080189 #73144]  INFO -- : 0:  thin (1.5.0) from /Users/dalelachtman/.rvm/gems/ruby-2.0.0-p353/specifications/thin-1.5.0.gemspec
I, [2014-02-09T15:50:55.080395 #73144]  INFO -- : 0:  bundler (1.5.1) from /Users/dalelachtman/.rvm/gems/ruby-2.0.0-p353@global/specifications/bundler-1.5.1.gemspec
I, [2014-02-09T15:51:27.096420 #73846]  INFO -- : 0:  rake (10.1.0) from /Users/dalelachtman/.rvm/gems/ruby-2.0.0-p353/specifications/rake-10.1.0.gemspec
I, [2014-02-09T15:51:27.096753 #73846]  INFO -- : 0:  i18n (0.6.1) from /Users/dalelachtman/.rvm/gems/ruby-2.0.0-p353/specifications/i18n-0.6.1.gemspec
I, [2014-02-09T15:51:27.097026 #73846]  INFO -- : 0:  multi_json (1.6.1) from /Users/dalelachtman/.rvm/gems/ruby-2.0.0-p353/specifications/multi_json-1.6.1.gemspec
I, [2014-02-09T15:51:27.097288 #73846]  INFO -- : 0:  activesupport (3.2.12) from /Users/dalelachtman/.rvm/gems/ruby-2.0.0-p353/specifications/activesupport-3.2.12.gemspec
I, [2014-02-09T15:51:27.097548 #73846]  INFO -- : 0:  builder (3.0.4) from /Users/dalelachtman/.rvm/gems/ruby-2.0.0-p353/specifications/builder-3.0.4.gemspec
I, [2014-02-09T15:51:27.097805 #73846]  INFO -- : 0:  activemodel (3.2.12) from /Users/dalelachtman/.rvm/gems/ruby-2.0.0-p353/specifications/activemodel-3.2.12.gemspec
I, [2014-02-09T15:51:27.098059 #73846]  INFO -- : 0:  arel (3.0.2) from /Users/dalelachtman/.rvm/gems/ruby-2.0.0-p353/specifications/arel-3.0.2.gemspec
I, [2014-02-09T15:51:27.098319 #73846]  INFO -- : 0:  tzinfo (0.3.35) from /Users/dalelachtman/.rvm/gems/ruby-2.0.0-p353/specifications/tzinfo-0.3.35.gemspec
I, [2014-02-09T15:51:27.098575 #73846]  INFO -- : 0:  activerecord (3.2.12) from /Users/dalelachtman/.rvm/gems/ruby-2.0.0-p353/specifications/activerecord-3.2.12.gemspec
I, [2014-02-09T15:51:27.098830 #73846]  INFO -- : 0:  backports (3.3.3) from /Users/dalelachtman/.rvm/gems/ruby-2.0.0-p353/specifications/backports-3.3.3.gemspec
I, [2014-02-09T15:51:27.099097 #73846]  INFO -- : 0:  daemons (1.1.9) from /Users/dalelachtman/.rvm/gems/ruby-2.0.0-p353/specifications/daemons-1.1.9.gemspec
I, [2014-02-09T15:51:27.099349 #73846]  INFO -- : 0:  diff-lcs (1.2.4) from /Users/dalelachtman/.rvm/gems/ruby-2.0.0-p353/specifications/diff-lcs-1.2.4.gemspec
I, [2014-02-09T15:51:27.099600 #73846]  INFO -- : 0:  eventmachine (1.0.3) from /Users/dalelachtman/.rvm/gems/ruby-2.0.0-p353/specifications/eventmachine-1.0.3.gemspec
I, [2014-02-09T15:51:27.099849 #73846]  INFO -- : 0:  factory_girl (4.2.0) from /Users/dalelachtman/.rvm/gems/ruby-2.0.0-p353/specifications/factory_girl-4.2.0.gemspec
I, [2014-02-09T15:51:27.100100 #73846]  INFO -- : 0:  faker (1.1.2) from /Users/dalelachtman/.rvm/gems/ruby-2.0.0-p353/specifications/faker-1.1.2.gemspec
I, [2014-02-09T15:51:27.100357 #73846]  INFO -- : 0:  pg (0.14.1) from /Users/dalelachtman/.rvm/gems/ruby-2.0.0-p353/specifications/pg-0.14.1.gemspec
I, [2014-02-09T15:51:27.100607 #73846]  INFO -- : 0:  rack (1.5.2) from /Users/dalelachtman/.rvm/gems/ruby-2.0.0-p353/specifications/rack-1.5.2.gemspec
I, [2014-02-09T15:51:27.100860 #73846]  INFO -- : 0:  rack-protection (1.5.0) from /Users/dalelachtman/.rvm/gems/ruby-2.0.0-p353/specifications/rack-protection-1.5.0.gemspec
I, [2014-02-09T15:51:27.101109 #73846]  INFO -- : 0:  rack-test (0.6.2) from /Users/dalelachtman/.rvm/gems/ruby-2.0.0-p353/specifications/rack-test-0.6.2.gemspec
I, [2014-02-09T15:51:27.101364 #73846]  INFO -- : 0:  rspec-core (2.14.5) from /Users/dalelachtman/.rvm/gems/ruby-2.0.0-p353/specifications/rspec-core-2.14.5.gemspec
I, [2014-02-09T15:51:27.101626 #73846]  INFO -- : 0:  rspec-expectations (2.14.2) from /Users/dalelachtman/.rvm/gems/ruby-2.0.0-p353/specifications/rspec-expectations-2.14.2.gemspec
I, [2014-02-09T15:51:27.101905 #73846]  INFO -- : 0:  rspec-mocks (2.14.3) from /Users/dalelachtman/.rvm/gems/ruby-2.0.0-p353/specifications/rspec-mocks-2.14.3.gemspec
I, [2014-02-09T15:51:27.102162 #73846]  INFO -- : 0:  rspec (2.14.1) from /Users/dalelachtman/.rvm/gems/ruby-2.0.0-p353/specifications/rspec-2.14.1.gemspec
I, [2014-02-09T15:51:27.102418 #73846]  INFO -- : 0:  shotgun (0.9) from /Users/dalelachtman/.rvm/gems/ruby-2.0.0-p353/specifications/shotgun-0.9.gemspec
I, [2014-02-09T15:51:27.102671 #73846]  INFO -- : 0:  shoulda-matchers (2.3.0) from /Users/dalelachtman/.rvm/gems/ruby-2.0.0-p353/specifications/shoulda-matchers-2.3.0.gemspec
I, [2014-02-09T15:51:27.102930 #73846]  INFO -- : 0:  tilt (1.4.1) from /Users/dalelachtman/.rvm/gems/ruby-2.0.0-p353/specifications/tilt-1.4.1.gemspec
I, [2014-02-09T15:51:27.103187 #73846]  INFO -- : 0:  sinatra (1.4.3) from /Users/dalelachtman/.rvm/gems/ruby-2.0.0-p353/specifications/sinatra-1.4.3.gemspec
I, [2014-02-09T15:51:27.103449 #73846]  INFO -- : 0:  sinatra-contrib (1.4.1) from /Users/dalelachtman/.rvm/gems/ruby-2.0.0-p353/specifications/sinatra-contrib-1.4.1.gemspec
I, [2014-02-09T15:51:27.103706 #73846]  INFO -- : 0:  thin (1.5.0) from /Users/dalelachtman/.rvm/gems/ruby-2.0.0-p353/specifications/thin-1.5.0.gemspec
I, [2014-02-09T15:51:27.103953 #73846]  INFO -- : 0:  bundler (1.5.1) from /Users/dalelachtman/.rvm/gems/ruby-2.0.0-p353@global/specifications/bundler-1.5.1.gemspec
I, [2014-02-09T15:56:28.274813 #74132]  INFO -- : 0:  rake (10.1.0) from /Users/dalelachtman/.rvm/gems/ruby-2.0.0-p353/specifications/rake-10.1.0.gemspec
I, [2014-02-09T15:56:28.275142 #74132]  INFO -- : 0:  i18n (0.6.1) from /Users/dalelachtman/.rvm/gems/ruby-2.0.0-p353/specifications/i18n-0.6.1.gemspec
I, [2014-02-09T15:56:28.275410 #74132]  INFO -- : 0:  multi_json (1.6.1) from /Users/dalelachtman/.rvm/gems/ruby-2.0.0-p353/specifications/multi_json-1.6.1.gemspec
I, [2014-02-09T15:56:28.275674 #74132]  INFO -- : 0:  activesupport (3.2.12) from /Users/dalelachtman/.rvm/gems/ruby-2.0.0-p353/specifications/activesupport-3.2.12.gemspec
I, [2014-02-09T15:56:28.275930 #74132]  INFO -- : 0:  builder (3.0.4) from /Users/dalelachtman/.rvm/gems/ruby-2.0.0-p353/specifications/builder-3.0.4.gemspec
I, [2014-02-09T15:56:28.276186 #74132]  INFO -- : 0:  activemodel (3.2.12) from /Users/dalelachtman/.rvm/gems/ruby-2.0.0-p353/specifications/activemodel-3.2.12.gemspec
I, [2014-02-09T15:56:28.276439 #74132]  INFO -- : 0:  arel (3.0.2) from /Users/dalelachtman/.rvm/gems/ruby-2.0.0-p353/specifications/arel-3.0.2.gemspec
I, [2014-02-09T15:56:28.276695 #74132]  INFO -- : 0:  tzinfo (0.3.35) from /Users/dalelachtman/.rvm/gems/ruby-2.0.0-p353/specifications/tzinfo-0.3.35.gemspec
I, [2014-02-09T15:56:28.276950 #74132]  INFO -- : 0:  activerecord (3.2.12) from /Users/dalelachtman/.rvm/gems/ruby-2.0.0-p353/specifications/activerecord-3.2.12.gemspec
I, [2014-02-09T15:56:28.277206 #74132]  INFO -- : 0:  backports (3.3.3) from /Users/dalelachtman/.rvm/gems/ruby-2.0.0-p353/specifications/backports-3.3.3.gemspec
I, [2014-02-09T15:56:28.277458 #74132]  INFO -- : 0:  daemons (1.1.9) from /Users/dalelachtman/.rvm/gems/ruby-2.0.0-p353/specifications/daemons-1.1.9.gemspec
I, [2014-02-09T15:56:28.277713 #74132]  INFO -- : 0:  diff-lcs (1.2.4) from /Users/dalelachtman/.rvm/gems/ruby-2.0.0-p353/specifications/diff-lcs-1.2.4.gemspec
I, [2014-02-09T15:56:28.277963 #74132]  INFO -- : 0:  eventmachine (1.0.3) from /Users/dalelachtman/.rvm/gems/ruby-2.0.0-p353/specifications/eventmachine-1.0.3.gemspec
I, [2014-02-09T15:56:28.278216 #74132]  INFO -- : 0:  factory_girl (4.2.0) from /Users/dalelachtman/.rvm/gems/ruby-2.0.0-p353/specifications/factory_girl-4.2.0.gemspec
I, [2014-02-09T15:56:28.278467 #74132]  INFO -- : 0:  faker (1.1.2) from /Users/dalelachtman/.rvm/gems/ruby-2.0.0-p353/specifications/faker-1.1.2.gemspec
I, [2014-02-09T15:56:28.278715 #74132]  INFO -- : 0:  pg (0.14.1) from /Users/dalelachtman/.rvm/gems/ruby-2.0.0-p353/specifications/pg-0.14.1.gemspec
I, [2014-02-09T15:56:28.278979 #74132]  INFO -- : 0:  rack (1.5.2) from /Users/dalelachtman/.rvm/gems/ruby-2.0.0-p353/specifications/rack-1.5.2.gemspec
I, [2014-02-09T15:56:28.279230 #74132]  INFO -- : 0:  rack-protection (1.5.0) from /Users/dalelachtman/.rvm/gems/ruby-2.0.0-p353/specifications/rack-protection-1.5.0.gemspec
I, [2014-02-09T15:56:28.279479 #74132]  INFO -- : 0:  rack-test (0.6.2) from /Users/dalelachtman/.rvm/gems/ruby-2.0.0-p353/specifications/rack-test-0.6.2.gemspec
I, [2014-02-09T15:56:28.279738 #74132]  INFO -- : 0:  rspec-core (2.14.5) from /Users/dalelachtman/.rvm/gems/ruby-2.0.0-p353/specifications/rspec-core-2.14.5.gemspec
I, [2014-02-09T15:56:28.279998 #74132]  INFO -- : 0:  rspec-expectations (2.14.2) from /Users/dalelachtman/.rvm/gems/ruby-2.0.0-p353/specifications/rspec-expectations-2.14.2.gemspec
I, [2014-02-09T15:56:28.280258 #74132]  INFO -- : 0:  rspec-mocks (2.14.3) from /Users/dalelachtman/.rvm/gems/ruby-2.0.0-p353/specifications/rspec-mocks-2.14.3.gemspec
I, [2014-02-09T15:56:28.280515 #74132]  INFO -- : 0:  rspec (2.14.1) from /Users/dalelachtman/.rvm/gems/ruby-2.0.0-p353/specifications/rspec-2.14.1.gemspec
I, [2014-02-09T15:56:28.280785 #74132]  INFO -- : 0:  shotgun (0.9) from /Users/dalelachtman/.rvm/gems/ruby-2.0.0-p353/specifications/shotgun-0.9.gemspec
I, [2014-02-09T15:56:28.281041 #74132]  INFO -- : 0:  shoulda-matchers (2.3.0) from /Users/dalelachtman/.rvm/gems/ruby-2.0.0-p353/specifications/shoulda-matchers-2.3.0.gemspec
I, [2014-02-09T15:56:28.281298 #74132]  INFO -- : 0:  tilt (1.4.1) from /Users/dalelachtman/.rvm/gems/ruby-2.0.0-p353/specifications/tilt-1.4.1.gemspec
I, [2014-02-09T15:56:28.281559 #74132]  INFO -- : 0:  sinatra (1.4.3) from /Users/dalelachtman/.rvm/gems/ruby-2.0.0-p353/specifications/sinatra-1.4.3.gemspec
I, [2014-02-09T15:56:28.281825 #74132]  INFO -- : 0:  sinatra-contrib (1.4.1) from /Users/dalelachtman/.rvm/gems/ruby-2.0.0-p353/specifications/sinatra-contrib-1.4.1.gemspec
I, [2014-02-09T15:56:28.282084 #74132]  INFO -- : 0:  thin (1.5.0) from /Users/dalelachtman/.rvm/gems/ruby-2.0.0-p353/specifications/thin-1.5.0.gemspec
I, [2014-02-09T15:56:28.282326 #74132]  INFO -- : 0:  bundler (1.5.1) from /Users/dalelachtman/.rvm/gems/ruby-2.0.0-p353@global/specifications/bundler-1.5.1.gemspec
I, [2014-02-09T15:57:01.158518 #74150]  INFO -- : 0:  rake (10.1.0) from /Users/dalelachtman/.rvm/gems/ruby-2.0.0-p353/specifications/rake-10.1.0.gemspec
I, [2014-02-09T15:57:01.158851 #74150]  INFO -- : 0:  i18n (0.6.1) from /Users/dalelachtman/.rvm/gems/ruby-2.0.0-p353/specifications/i18n-0.6.1.gemspec
I, [2014-02-09T15:57:01.159121 #74150]  INFO -- : 0:  multi_json (1.6.1) from /Users/dalelachtman/.rvm/gems/ruby-2.0.0-p353/specifications/multi_json-1.6.1.gemspec
I, [2014-02-09T15:57:01.159379 #74150]  INFO -- : 0:  activesupport (3.2.12) from /Users/dalelachtman/.rvm/gems/ruby-2.0.0-p353/specifications/activesupport-3.2.12.gemspec
I, [2014-02-09T15:57:01.159633 #74150]  INFO -- : 0:  builder (3.0.4) from /Users/dalelachtman/.rvm/gems/ruby-2.0.0-p353/specifications/builder-3.0.4.gemspec
I, [2014-02-09T15:57:01.159963 #74150]  INFO -- : 0:  activemodel (3.2.12) from /Users/dalelachtman/.rvm/gems/ruby-2.0.0-p353/specifications/activemodel-3.2.12.gemspec
I, [2014-02-09T15:57:01.160212 #74150]  INFO -- : 0:  arel (3.0.2) from /Users/dalelachtman/.rvm/gems/ruby-2.0.0-p353/specifications/arel-3.0.2.gemspec
I, [2014-02-09T15:57:01.160463 #74150]  INFO -- : 0:  tzinfo (0.3.35) from /Users/dalelachtman/.rvm/gems/ruby-2.0.0-p353/specifications/tzinfo-0.3.35.gemspec
I, [2014-02-09T15:57:01.160713 #74150]  INFO -- : 0:  activerecord (3.2.12) from /Users/dalelachtman/.rvm/gems/ruby-2.0.0-p353/specifications/activerecord-3.2.12.gemspec
I, [2014-02-09T15:57:01.160966 #74150]  INFO -- : 0:  backports (3.3.3) from /Users/dalelachtman/.rvm/gems/ruby-2.0.0-p353/specifications/backports-3.3.3.gemspec
I, [2014-02-09T15:57:01.161213 #74150]  INFO -- : 0:  daemons (1.1.9) from /Users/dalelachtman/.rvm/gems/ruby-2.0.0-p353/specifications/daemons-1.1.9.gemspec
I, [2014-02-09T15:57:01.161480 #74150]  INFO -- : 0:  diff-lcs (1.2.4) from /Users/dalelachtman/.rvm/gems/ruby-2.0.0-p353/specifications/diff-lcs-1.2.4.gemspec
I, [2014-02-09T15:57:01.161767 #74150]  INFO -- : 0:  eventmachine (1.0.3) from /Users/dalelachtman/.rvm/gems/ruby-2.0.0-p353/specifications/eventmachine-1.0.3.gemspec
I, [2014-02-09T15:57:01.162029 #74150]  INFO -- : 0:  factory_girl (4.2.0) from /Users/dalelachtman/.rvm/gems/ruby-2.0.0-p353/specifications/factory_girl-4.2.0.gemspec
I, [2014-02-09T15:57:01.162280 #74150]  INFO -- : 0:  faker (1.1.2) from /Users/dalelachtman/.rvm/gems/ruby-2.0.0-p353/specifications/faker-1.1.2.gemspec
I, [2014-02-09T15:57:01.162532 #74150]  INFO -- : 0:  pg (0.14.1) from /Users/dalelachtman/.rvm/gems/ruby-2.0.0-p353/specifications/pg-0.14.1.gemspec
I, [2014-02-09T15:57:01.162780 #74150]  INFO -- : 0:  rack (1.5.2) from /Users/dalelachtman/.rvm/gems/ruby-2.0.0-p353/specifications/rack-1.5.2.gemspec
I, [2014-02-09T15:57:01.163031 #74150]  INFO -- : 0:  rack-protection (1.5.0) from /Users/dalelachtman/.rvm/gems/ruby-2.0.0-p353/specifications/rack-protection-1.5.0.gemspec
I, [2014-02-09T15:57:01.163278 #74150]  INFO -- : 0:  rack-test (0.6.2) from /Users/dalelachtman/.rvm/gems/ruby-2.0.0-p353/specifications/rack-test-0.6.2.gemspec
I, [2014-02-09T15:57:01.163532 #74150]  INFO -- : 0:  rspec-core (2.14.5) from /Users/dalelachtman/.rvm/gems/ruby-2.0.0-p353/specifications/rspec-core-2.14.5.gemspec
I, [2014-02-09T15:57:01.163839 #74150]  INFO -- : 0:  rspec-expectations (2.14.2) from /Users/dalelachtman/.rvm/gems/ruby-2.0.0-p353/specifications/rspec-expectations-2.14.2.gemspec
I, [2014-02-09T15:57:01.164114 #74150]  INFO -- : 0:  rspec-mocks (2.14.3) from /Users/dalelachtman/.rvm/gems/ruby-2.0.0-p353/specifications/rspec-mocks-2.14.3.gemspec
I, [2014-02-09T15:57:01.164369 #74150]  INFO -- : 0:  rspec (2.14.1) from /Users/dalelachtman/.rvm/gems/ruby-2.0.0-p353/specifications/rspec-2.14.1.gemspec
I, [2014-02-09T15:57:01.164621 #74150]  INFO -- : 0:  shotgun (0.9) from /Users/dalelachtman/.rvm/gems/ruby-2.0.0-p353/specifications/shotgun-0.9.gemspec
I, [2014-02-09T15:57:01.164874 #74150]  INFO -- : 0:  shoulda-matchers (2.3.0) from /Users/dalelachtman/.rvm/gems/ruby-2.0.0-p353/specifications/shoulda-matchers-2.3.0.gemspec
I, [2014-02-09T15:57:01.165128 #74150]  INFO -- : 0:  tilt (1.4.1) from /Users/dalelachtman/.rvm/gems/ruby-2.0.0-p353/specifications/tilt-1.4.1.gemspec
I, [2014-02-09T15:57:01.165388 #74150]  INFO -- : 0:  sinatra (1.4.3) from /Users/dalelachtman/.rvm/gems/ruby-2.0.0-p353/specifications/sinatra-1.4.3.gemspec
I, [2014-02-09T15:57:01.165649 #74150]  INFO -- : 0:  sinatra-contrib (1.4.1) from /Users/dalelachtman/.rvm/gems/ruby-2.0.0-p353/specifications/sinatra-contrib-1.4.1.gemspec
I, [2014-02-09T15:57:01.165911 #74150]  INFO -- : 0:  thin (1.5.0) from /Users/dalelachtman/.rvm/gems/ruby-2.0.0-p353/specifications/thin-1.5.0.gemspec
I, [2014-02-09T15:57:01.166156 #74150]  INFO -- : 0:  bundler (1.5.1) from /Users/dalelachtman/.rvm/gems/ruby-2.0.0-p353@global/specifications/bundler-1.5.1.gemspec
